<?xml version="1.0" encoding="UTF-8"?>
<!-- Generated by org.testng.reporters.JUnitReportReporter -->
<testsuite hostname="ASUSVivobook16x" failures="0" tests="4" name="com.tutorialninja.qa.testcases.Register" time="37.161" errors="0" timestamp="2025-06-09T11:54:35 IST" skipped="0">
  <testcase classname="com.tutorialninja.qa.testcases.Register" name="VerifyRegisteringAnAccountWithMandatoryFields" time="11.019"/>
  <testcase classname="com.tutorialninja.qa.testcases.Register" name="VerifyRegisteringAccountWithoutFillingAnyDetails" time="9.615"/>
  <testcase classname="com.tutorialninja.qa.testcases.Register" name="VerifyRegisteringAnAccountWithExistingEmailAddress" time="8.326"/>
  <testcase classname="com.tutorialninja.qa.testcases.Register" name="VerifyRegisteringAnAccountWithAllFields" time="8.201"/>
</testsuite> <!-- com.tutorialninja.qa.testcases.Register -->
