<?xml version="1.0" encoding="UTF-8"?>
<!-- Generated by org.testng.reporters.JUnitReportReporter -->
<testsuite hostname="ASUSVivobook16x" failures="0" tests="5" name="com.tutorialninja.qa.testcases.Login" time="33.563" errors="0" timestamp="2025-06-09T11:54:35 IST" skipped="0">
  <testcase classname="com.tutorialninja.qa.testcases.Login" name="verifyLoginWithValidCredentials" time="7.003"/>
  <testcase classname="com.tutorialninja.qa.testcases.Login" name="verifyLoginWithInvalidCredentials" time="6.597"/>
  <testcase classname="com.tutorialninja.qa.testcases.Login" name="verifyLoginWithInvalidEmailAndValidPassword" time="6.802"/>
  <testcase classname="com.tutorialninja.qa.testcases.Login" name="verifyLoginWithValidEmailAndInvalidPassword" time="7.082"/>
  <testcase classname="com.tutorialninja.qa.testcases.Login" name="verifyLoginWithoutCredentials" time="6.079"/>
</testsuite> <!-- com.tutorialninja.qa.testcases.Login -->
