<?xml version="1.0" encoding="UTF-8"?>
<!-- Generated by org.testng.reporters.JUnitReportReporter -->
<testsuite hostname="ASUSVivobook16x" failures="0" tests="4" name="com.tutorialninja.qa.testcases.RegisterTest" time="37.014" errors="0" timestamp="2025-06-09T12:53:59 IST" skipped="0">
  <testcase classname="com.tutorialninja.qa.testcases.RegisterTest" name="VerifyRegisteringAnAccountWithMandatoryFields" time="9.062"/>
  <testcase classname="com.tutorialninja.qa.testcases.RegisterTest" name="VerifyRegisteringAccountWithoutFillingAnyDetails" time="11.919"/>
  <testcase classname="com.tutorialninja.qa.testcases.RegisterTest" name="VerifyRegisteringAnAccountWithExistingEmailAddress" time="8.050"/>
  <testcase classname="com.tutorialninja.qa.testcases.RegisterTest" name="VerifyRegisteringAnAccountWithAllFields" time="7.983"/>
</testsuite> <!-- com.tutorialninja.qa.testcases.RegisterTest -->
