<?xml version="1.0" encoding="UTF-8"?>
<!-- Generated by org.testng.reporters.JUnitReportReporter -->
<testsuite hostname="ASUSVivobook16x" failures="0" tests="3" name="com.tutorialninja.qa.testcases.SearchTest" time="20.711" errors="0" timestamp="2025-06-09T12:53:59 IST" skipped="0">
  <testcase classname="com.tutorialninja.qa.testcases.SearchTest" name="verifySearchWithoutAnyProduct" time="6.665"/>
  <testcase classname="com.tutorialninja.qa.testcases.SearchTest" name="verifySearchWithInvalidProduct" time="7.399"/>
  <testcase classname="com.tutorialninja.qa.testcases.SearchTest" name="verifySearchWithValidProduct" time="6.647"/>
</testsuite> <!-- com.tutorialninja.qa.testcases.SearchTest -->
