<?xml version="1.0" encoding="UTF-8"?>
<!-- Generated by org.testng.reporters.JUnitReportReporter -->
<testsuite hostname="ASUSVivobook16x" failures="0" tests="5" name="com.tutorialninja.qa.testcases.LoginTest" time="37.469" errors="0" timestamp="2025-06-09T12:53:59 IST" skipped="0">
  <testcase classname="com.tutorialninja.qa.testcases.LoginTest" name="verifyLoginWithValidCredentials" time="6.887"/>
  <testcase classname="com.tutorialninja.qa.testcases.LoginTest" name="verifyLoginWithInvalidCredentials" time="7.538"/>
  <testcase classname="com.tutorialninja.qa.testcases.LoginTest" name="verifyLoginWithInvalidEmailAndValidPassword" time="6.520"/>
  <testcase classname="com.tutorialninja.qa.testcases.LoginTest" name="verifyLoginWithValidEmailAndInvalidPassword" time="7.842"/>
  <testcase classname="com.tutorialninja.qa.testcases.LoginTest" name="verifyLoginWithoutCredentials" time="8.682"/>
</testsuite> <!-- com.tutorialninja.qa.testcases.LoginTest -->
